0 info it worked if it ends with ok
1 verbose cli [ '/usr/bin/node', '/usr/bin/npm', 'run', 'index.js' ]
2 info using npm@4.0.5
3 info using node@v7.4.0
4 verbose stack Error: missing script: index.js
4 verbose stack     at run (/usr/lib64/node_modules/npm/lib/run-script.js:151:19)
4 verbose stack     at /usr/lib64/node_modules/npm/lib/run-script.js:61:5
4 verbose stack     at /usr/lib64/node_modules/npm/node_modules/read-package-json/read-json.js:356:5
4 verbose stack     at checkBinReferences_ (/usr/lib64/node_modules/npm/node_modules/read-package-json/read-json.js:320:45)
4 verbose stack     at final (/usr/lib64/node_modules/npm/node_modules/read-package-json/read-json.js:354:3)
4 verbose stack     at then (/usr/lib64/node_modules/npm/node_modules/read-package-json/read-json.js:124:5)
4 verbose stack     at ReadFileContext.<anonymous> (/usr/lib64/node_modules/npm/node_modules/read-package-json/read-json.js:295:20)
4 verbose stack     at ReadFileContext.callback (/usr/lib64/node_modules/npm/node_modules/graceful-fs/graceful-fs.js:78:16)
4 verbose stack     at FSReqWrap.readFileAfterOpen [as oncomplete] (fs.js:336:13)
5 verbose cwd /var/www/localhost/htdocs/node_learning
6 error Linux 4.9.8-calculate
7 error argv "/usr/bin/node" "/usr/bin/npm" "run" "index.js"
8 error node v7.4.0
9 error npm  v4.0.5
10 error missing script: index.js
11 error If you need help, you may report this error at:
11 error     <https://github.com/npm/npm/issues>
12 verbose exit [ 1, true ]
